<?xml version="1.0" encoding="utf-8"?>
<browser>
  <hompage>
    <url>http://www.bing.com</url>
  </hompage>
  <history>
    <url>http://www.google.com</url>
    <url>http://www.google.com</url>
    <url>http://www.youtube.com</url>
    <url>http://www.youtube.com</url>
    <url>http://www.youtube.com</url>
    <url>http://www.bing.com</url>
    <url>http://www.google.com</url>
    <url>http://www.google.com</url>
    <url>http://www.youtube.com</url>
    <url>http://www.google.com</url>
    <url>http://www.google.com</url>
    <url>http://www.youtube.com</url>
    <url>http://www.bing.com</url>
    <url>http://www.google.com</url>
    <url>http://www.google.com</url>
    <url>http://www.bing.com</url>
    <url>http://www.google.com</url>
    <url>http://www.google.com</url>
    <url>http://www.google.com</url>
    <url>http://www.google.com</url>
    <url>http://www.google.com</url>
    <url>http://www.youtube.com</url>
    <url>http://www.youtube.com</url>
    <url>http://www.youtube.com</url>
    <url>http://www.google.com</url>
    <url>http://www.bing.com</url>
    <url>http://www.netflix.com</url>
    <url>http://www.bing.com</url>
    <url>http://www.netflix.com</url>
    <url>http://www.bing.com</url>
    <url>http://www.youtube.com</url>
    <url>http://www.bing.com</url>
    <url>http://www.bing.com</url>
    <url>http://www.google.com</url>
    <url>http://www.google.com</url>
    <url>http://www.google.com</url>
    <url>http://www.google.com</url>
    <url>http://www.google.com</url>
    <url>http://www.bing.com</url>
    <url>http://www.google.com</url>
    <url>http://www.google.com</url>
    <url>http://www.google.com</url>
    <url>http://www.google.com</url>
    <url>http://www.google.com</url>
    <url>http://www.youtube.com</url>
    <url>http://www.youtube.com</url>
    <url>http://www.google.com</url>
    <url>http://www.google.com</url>
    <url>http://www.google.com</url>
    <url>http://www.google.com</url>
    <url>http://www.netflix.com</url>
    <url>http://www.google.com</url>
    <url>http://www.google.com</url>
    <url>http://www.youtube.com</url>
    <url>http://www.youtube.com</url>
    <url>http://www.bing.com</url>
    <url>http://www.yahoo.com</url>
    <url>http://www.yahoo.com</url>
    <url>http://www.yahoo.com</url>
    <url>http://www.netflix.com</url>
    <url>http://www.netflix.com</url>
    <url>http://www.bing.com</url>
    <url>http://www.bing.com</url>
    <url>http://www.bing.com</url>
    <url>http://www.bing.com</url>
    <url>http://www.bing.com</url>
    <url>http://www.google.com</url>
    <url>http://www.bing.com</url>
    <url>http://www.bing.com</url>
    <url>http://www.netflix.com</url>
    <url>http://www.bing.com</url>
  </history>
  <favorites>
    <urlgroup>netflix http://www.netflix.com</urlgroup>
  </favorites>
</browser>